2013-01-25T13:57:08+01:00 DEBUG (7): 45
2013-01-25T14:18:10+01:00 DEBUG (7): array
2013-01-25T14:18:37+01:00 DEBUG (7): array
2013-01-25T14:19:32+01:00 DEBUG (7): 1 janv. 2012 00:00:00
2013-01-25T14:25:55+01:00 DEBUG (7): 2012-01-01 00:00:00
2013-03-15T09:56:28+01:00 CRIT (2): Application error
2013-03-15T09:56:28+01:00 CRIT (2): Request Parameters
2013-03-15T10:39:23+01:00 CRIT (2): Application error
2013-03-15T10:39:23+01:00 CRIT (2): Request Parameters
2013-03-15T10:56:02+01:00 CRIT (2): Application error
2013-03-15T10:56:02+01:00 CRIT (2): Request Parameters
2013-03-15T11:14:43+01:00 CRIT (2): Application error
2013-03-15T11:14:43+01:00 CRIT (2): Request Parameters
2013-03-15T11:14:54+01:00 CRIT (2): Application error
2013-03-15T11:14:54+01:00 CRIT (2): Request Parameters
2013-03-15T11:16:17+01:00 CRIT (2): Application error
2013-03-15T11:16:17+01:00 CRIT (2): Request Parameters
2013-03-15T11:21:51+01:00 CRIT (2): Application error
2013-03-15T11:21:51+01:00 CRIT (2): Request Parameters
2013-03-15T11:36:54+01:00 CRIT (2): Application error
2013-03-15T11:36:54+01:00 CRIT (2): Request Parameters
2013-03-15T11:36:57+01:00 CRIT (2): Application error
2013-03-15T11:36:57+01:00 CRIT (2): Request Parameters
2013-03-15T11:36:58+01:00 CRIT (2): Application error
2013-03-15T11:36:58+01:00 CRIT (2): Request Parameters
2013-03-15T11:36:58+01:00 CRIT (2): Application error
2013-03-15T11:36:58+01:00 CRIT (2): Request Parameters
2013-03-15T11:36:58+01:00 CRIT (2): Application error
2013-03-15T11:36:58+01:00 CRIT (2): Request Parameters
2013-03-15T11:36:59+01:00 CRIT (2): Application error
2013-03-15T11:36:59+01:00 CRIT (2): Request Parameters
2013-03-15T11:36:59+01:00 CRIT (2): Application error
2013-03-15T11:36:59+01:00 CRIT (2): Request Parameters
2013-03-15T11:37:00+01:00 CRIT (2): Application error
2013-03-15T11:37:00+01:00 CRIT (2): Request Parameters
2013-03-15T11:37:00+01:00 CRIT (2): Application error
2013-03-15T11:37:00+01:00 CRIT (2): Request Parameters
2013-03-15T11:37:00+01:00 CRIT (2): Application error
2013-03-15T11:37:00+01:00 CRIT (2): Request Parameters
2013-03-15T11:37:00+01:00 CRIT (2): Application error
2013-03-15T11:37:00+01:00 CRIT (2): Request Parameters
2013-03-15T11:37:02+01:00 CRIT (2): Application error
2013-03-15T11:37:02+01:00 CRIT (2): Request Parameters
2013-03-15T11:37:02+01:00 CRIT (2): Application error
2013-03-15T11:37:02+01:00 CRIT (2): Request Parameters
2013-03-15T11:37:02+01:00 CRIT (2): Application error
2013-03-15T11:37:02+01:00 CRIT (2): Request Parameters
2013-03-15T11:37:02+01:00 CRIT (2): Application error
2013-03-15T11:37:02+01:00 CRIT (2): Request Parameters
2013-03-15T11:37:02+01:00 CRIT (2): Application error
2013-03-15T11:37:02+01:00 CRIT (2): Request Parameters
2013-03-15T11:37:03+01:00 CRIT (2): Application error
2013-03-15T11:37:03+01:00 CRIT (2): Request Parameters
2013-03-15T11:37:03+01:00 CRIT (2): Application error
2013-03-15T11:37:03+01:00 CRIT (2): Request Parameters
2013-03-15T11:37:04+01:00 CRIT (2): Application error
2013-03-15T11:37:04+01:00 CRIT (2): Request Parameters
2013-03-15T11:37:04+01:00 CRIT (2): Application error
2013-03-15T11:37:04+01:00 CRIT (2): Request Parameters
2013-03-15T11:37:04+01:00 CRIT (2): Application error
2013-03-15T11:37:04+01:00 CRIT (2): Request Parameters
2013-03-15T11:40:04+01:00 CRIT (2): Application error
2013-03-15T11:40:04+01:00 CRIT (2): Request Parameters
2013-03-15T11:40:14+01:00 CRIT (2): Application error
2013-03-15T11:40:14+01:00 CRIT (2): Request Parameters
2013-03-15T11:40:16+01:00 CRIT (2): Application error
2013-03-15T11:40:16+01:00 CRIT (2): Request Parameters
2013-03-15T11:41:21+01:00 CRIT (2): Application error
2013-03-15T11:41:21+01:00 CRIT (2): Request Parameters
2013-03-15T11:41:31+01:00 CRIT (2): Application error
2013-03-15T11:41:31+01:00 CRIT (2): Request Parameters
2013-03-15T11:42:50+01:00 CRIT (2): Application error
2013-03-15T11:42:50+01:00 CRIT (2): Request Parameters
2013-03-15T11:46:18+01:00 CRIT (2): Application error
2013-03-15T11:46:18+01:00 CRIT (2): Request Parameters
2013-03-15T11:46:34+01:00 CRIT (2): Application error
2013-03-15T11:46:34+01:00 CRIT (2): Request Parameters
2013-03-15T11:50:44+01:00 CRIT (2): Application error
2013-03-15T11:50:44+01:00 CRIT (2): Request Parameters
2013-03-15T11:51:23+01:00 CRIT (2): Application error
2013-03-15T11:51:23+01:00 CRIT (2): Request Parameters
2013-03-15T11:54:33+01:00 CRIT (2): Application error
2013-03-15T11:54:33+01:00 CRIT (2): Request Parameters
2013-03-15T11:54:52+01:00 CRIT (2): Application error
2013-03-15T11:54:52+01:00 CRIT (2): Request Parameters
2013-03-15T11:54:56+01:00 CRIT (2): Application error
2013-03-15T11:54:56+01:00 CRIT (2): Request Parameters
2013-03-15T11:59:35+01:00 CRIT (2): Application error
2013-03-15T11:59:35+01:00 CRIT (2): Request Parameters
2013-03-15T12:00:22+01:00 CRIT (2): Application error
2013-03-15T12:00:22+01:00 CRIT (2): Request Parameters
2013-03-15T12:00:28+01:00 CRIT (2): Application error
2013-03-15T12:00:28+01:00 CRIT (2): Request Parameters
2013-03-15T12:02:30+01:00 CRIT (2): Application error
2013-03-15T12:02:30+01:00 CRIT (2): Request Parameters
2013-03-15T12:02:31+01:00 CRIT (2): Application error
2013-03-15T12:02:31+01:00 CRIT (2): Request Parameters
2013-03-15T12:02:40+01:00 CRIT (2): Application error
2013-03-15T12:02:40+01:00 CRIT (2): Request Parameters
2013-03-15T12:03:36+01:00 CRIT (2): Application error
2013-03-15T12:03:36+01:00 CRIT (2): Request Parameters
2013-03-15T12:04:05+01:00 CRIT (2): Application error
2013-03-15T12:04:05+01:00 CRIT (2): Request Parameters
2013-03-15T12:04:11+01:00 CRIT (2): Application error
2013-03-15T12:04:11+01:00 CRIT (2): Request Parameters
2013-03-15T12:04:11+01:00 CRIT (2): Application error
2013-03-15T12:04:11+01:00 CRIT (2): Request Parameters
2013-03-15T12:04:11+01:00 CRIT (2): Application error
2013-03-15T12:04:11+01:00 CRIT (2): Request Parameters
2013-03-15T12:04:11+01:00 CRIT (2): Application error
2013-03-15T12:04:11+01:00 CRIT (2): Request Parameters
2013-03-15T12:04:17+01:00 CRIT (2): Application error
2013-03-15T12:04:17+01:00 CRIT (2): Request Parameters
2013-03-15T12:04:23+01:00 CRIT (2): Application error
2013-03-15T12:04:23+01:00 CRIT (2): Request Parameters
2013-03-15T12:04:24+01:00 CRIT (2): Application error
2013-03-15T12:04:24+01:00 CRIT (2): Request Parameters
2013-03-15T12:04:24+01:00 CRIT (2): Application error
2013-03-15T12:04:24+01:00 CRIT (2): Request Parameters
2013-03-15T12:04:24+01:00 CRIT (2): Application error
2013-03-15T12:04:24+01:00 CRIT (2): Request Parameters
2013-03-15T12:04:25+01:00 CRIT (2): Application error
2013-03-15T12:04:25+01:00 CRIT (2): Request Parameters
2013-03-15T12:04:25+01:00 CRIT (2): Application error
2013-03-15T12:04:25+01:00 CRIT (2): Request Parameters
2013-03-15T12:04:25+01:00 CRIT (2): Application error
2013-03-15T12:04:25+01:00 CRIT (2): Request Parameters
2013-03-15T12:09:06+01:00 CRIT (2): Application error
2013-03-15T12:09:06+01:00 CRIT (2): Request Parameters
2013-03-15T12:10:29+01:00 CRIT (2): Application error
2013-03-15T12:10:29+01:00 CRIT (2): Request Parameters
2013-03-15T12:11:31+01:00 CRIT (2): Application error
2013-03-15T12:11:31+01:00 CRIT (2): Request Parameters
2013-03-15T12:12:25+01:00 CRIT (2): Application error
2013-03-15T12:12:25+01:00 CRIT (2): Request Parameters
2013-03-15T12:13:04+01:00 CRIT (2): Application error
2013-03-15T12:13:04+01:00 CRIT (2): Request Parameters
2013-03-15T12:15:13+01:00 CRIT (2): Application error
2013-03-15T12:15:13+01:00 CRIT (2): Request Parameters
2013-03-15T12:15:18+01:00 CRIT (2): Application error
2013-03-15T12:15:18+01:00 CRIT (2): Request Parameters
2013-03-15T12:15:18+01:00 CRIT (2): Application error
2013-03-15T12:15:18+01:00 CRIT (2): Request Parameters
2013-03-15T12:15:18+01:00 CRIT (2): Application error
2013-03-15T12:15:18+01:00 CRIT (2): Request Parameters
2013-03-15T12:15:51+01:00 CRIT (2): Application error
2013-03-15T12:15:51+01:00 CRIT (2): Request Parameters
2013-03-15T12:17:11+01:00 CRIT (2): Application error
2013-03-15T12:17:11+01:00 CRIT (2): Request Parameters
2013-03-15T12:17:19+01:00 CRIT (2): Application error
2013-03-15T12:17:19+01:00 CRIT (2): Request Parameters
2013-03-15T12:18:10+01:00 CRIT (2): Application error
2013-03-15T12:18:10+01:00 CRIT (2): Request Parameters
2013-03-15T12:18:20+01:00 CRIT (2): Application error
2013-03-15T12:18:20+01:00 CRIT (2): Request Parameters
2013-03-15T12:21:07+01:00 CRIT (2): Application error
2013-03-15T12:21:07+01:00 CRIT (2): Request Parameters
2013-03-15T12:21:53+01:00 CRIT (2): Application error
2013-03-15T12:21:53+01:00 CRIT (2): Request Parameters
2013-03-15T12:26:31+01:00 CRIT (2): Application error
2013-03-15T12:26:31+01:00 CRIT (2): Request Parameters
2013-03-15T12:26:32+01:00 CRIT (2): Application error
2013-03-15T12:26:32+01:00 CRIT (2): Request Parameters
2013-03-15T12:26:34+01:00 CRIT (2): Application error
2013-03-15T12:26:34+01:00 CRIT (2): Request Parameters
2013-03-15T12:28:50+01:00 CRIT (2): Application error
2013-03-15T12:28:50+01:00 CRIT (2): Request Parameters
2013-03-15T12:28:52+01:00 CRIT (2): Application error
2013-03-15T12:28:52+01:00 CRIT (2): Request Parameters
2013-03-15T12:30:00+01:00 CRIT (2): Application error
2013-03-15T12:30:00+01:00 CRIT (2): Request Parameters
2013-03-15T12:30:02+01:00 CRIT (2): Application error
2013-03-15T12:30:02+01:00 CRIT (2): Request Parameters
2013-03-15T12:32:58+01:00 CRIT (2): Application error
2013-03-15T12:32:58+01:00 CRIT (2): Request Parameters
2013-03-15T12:33:09+01:00 CRIT (2): Application error
2013-03-15T12:33:09+01:00 CRIT (2): Request Parameters
2013-03-15T12:33:32+01:00 CRIT (2): Application error
2013-03-15T12:33:32+01:00 CRIT (2): Request Parameters
2013-03-15T12:33:34+01:00 CRIT (2): Application error
2013-03-15T12:33:34+01:00 CRIT (2): Request Parameters
2013-03-15T12:33:35+01:00 CRIT (2): Application error
2013-03-15T12:33:35+01:00 CRIT (2): Request Parameters
2013-03-15T12:33:36+01:00 CRIT (2): Application error
2013-03-15T12:33:36+01:00 CRIT (2): Request Parameters
2013-03-15T12:33:36+01:00 CRIT (2): Application error
2013-03-15T12:33:36+01:00 CRIT (2): Request Parameters
2013-03-15T12:34:28+01:00 CRIT (2): Application error
2013-03-15T12:34:28+01:00 CRIT (2): Request Parameters
2013-03-15T12:34:30+01:00 CRIT (2): Application error
2013-03-15T12:34:30+01:00 CRIT (2): Request Parameters
2013-03-15T12:34:30+01:00 CRIT (2): Application error
2013-03-15T12:34:30+01:00 CRIT (2): Request Parameters
2013-03-15T12:34:30+01:00 CRIT (2): Application error
2013-03-15T12:34:30+01:00 CRIT (2): Request Parameters
2013-03-15T12:34:31+01:00 CRIT (2): Application error
2013-03-15T12:34:31+01:00 CRIT (2): Request Parameters
2013-03-15T12:35:01+01:00 CRIT (2): Application error
2013-03-15T12:35:01+01:00 CRIT (2): Request Parameters
2013-03-15T12:35:02+01:00 CRIT (2): Application error
2013-03-15T12:35:02+01:00 CRIT (2): Request Parameters
2013-03-15T12:35:03+01:00 CRIT (2): Application error
2013-03-15T12:35:03+01:00 CRIT (2): Request Parameters
2013-03-15T12:35:03+01:00 CRIT (2): Application error
2013-03-15T12:35:03+01:00 CRIT (2): Request Parameters
2013-03-15T12:35:03+01:00 CRIT (2): Application error
2013-03-15T12:35:03+01:00 CRIT (2): Request Parameters
2013-03-15T12:35:03+01:00 CRIT (2): Application error
2013-03-15T12:35:03+01:00 CRIT (2): Request Parameters
2013-03-15T12:35:30+01:00 CRIT (2): Application error
2013-03-15T12:35:30+01:00 CRIT (2): Request Parameters
2013-03-15T12:35:32+01:00 CRIT (2): Application error
2013-03-15T12:35:32+01:00 CRIT (2): Request Parameters
2013-03-15T12:35:32+01:00 CRIT (2): Application error
2013-03-15T12:35:32+01:00 CRIT (2): Request Parameters
2013-03-15T12:35:33+01:00 CRIT (2): Application error
2013-03-15T12:35:33+01:00 CRIT (2): Request Parameters
2013-03-15T12:36:26+01:00 CRIT (2): Application error
2013-03-15T12:36:26+01:00 CRIT (2): Request Parameters
2013-03-15T12:38:28+01:00 CRIT (2): Application error
2013-03-15T12:38:28+01:00 CRIT (2): Request Parameters
2013-03-15T12:39:53+01:00 CRIT (2): Application error
2013-03-15T12:39:53+01:00 CRIT (2): Request Parameters
2013-03-15T12:41:15+01:00 CRIT (2): Application error
2013-03-15T12:41:15+01:00 CRIT (2): Request Parameters
2013-03-15T12:41:55+01:00 CRIT (2): Application error
2013-03-15T12:41:55+01:00 CRIT (2): Request Parameters
2013-03-15T12:43:13+01:00 CRIT (2): Application error
2013-03-15T12:43:13+01:00 CRIT (2): Request Parameters
2013-03-21T17:32:55+01:00 CRIT (2): Application error
2013-03-21T17:32:55+01:00 CRIT (2): Request Parameters
2013-03-21T17:36:24+01:00 CRIT (2): Application error
2013-03-21T17:36:24+01:00 CRIT (2): Request Parameters
2013-03-21T17:53:27+01:00 CRIT (2): Application error
2013-03-21T17:53:27+01:00 CRIT (2): Request Parameters
2013-03-21T17:53:50+01:00 CRIT (2): Application error
2013-03-21T17:53:50+01:00 CRIT (2): Request Parameters
2013-03-21T17:54:24+01:00 CRIT (2): Application error
2013-03-21T17:54:24+01:00 CRIT (2): Request Parameters
2013-03-21T17:54:26+01:00 CRIT (2): Application error
2013-03-21T17:54:26+01:00 CRIT (2): Request Parameters
2013-03-21T17:55:19+01:00 CRIT (2): Application error
2013-03-21T17:55:19+01:00 CRIT (2): Request Parameters
2013-03-21T17:55:23+01:00 CRIT (2): Application error
2013-03-21T17:55:23+01:00 CRIT (2): Request Parameters
2013-03-21T17:56:18+01:00 CRIT (2): Application error
2013-03-21T17:56:18+01:00 CRIT (2): Request Parameters
2013-03-21T17:59:30+01:00 CRIT (2): Application error
2013-03-21T17:59:30+01:00 CRIT (2): Request Parameters
2013-03-21T18:00:49+01:00 CRIT (2): Application error
2013-03-21T18:00:49+01:00 CRIT (2): Request Parameters
2013-03-21T18:04:51+01:00 CRIT (2): Application error
2013-03-21T18:04:51+01:00 CRIT (2): Request Parameters
2013-03-21T18:34:04+01:00 CRIT (2): Application error
2013-03-21T18:34:04+01:00 CRIT (2): Request Parameters
2013-03-21T18:37:39+01:00 CRIT (2): Application error
2013-03-21T18:37:39+01:00 CRIT (2): Request Parameters
2013-03-21T18:42:00+01:00 CRIT (2): Application error
2013-03-21T18:42:00+01:00 CRIT (2): Request Parameters
2013-03-21T18:47:12+01:00 CRIT (2): Application error
2013-03-21T18:47:12+01:00 CRIT (2): Request Parameters
2013-03-21T18:47:38+01:00 CRIT (2): Application error
2013-03-21T18:47:38+01:00 CRIT (2): Request Parameters
2013-03-21T18:51:07+01:00 CRIT (2): Application error
2013-03-21T18:51:07+01:00 CRIT (2): Request Parameters
2013-03-21T18:54:07+01:00 CRIT (2): Application error
2013-03-21T18:54:07+01:00 CRIT (2): Request Parameters
2013-03-21T19:36:16+01:00 CRIT (2): Application error
2013-03-21T19:36:16+01:00 CRIT (2): Request Parameters
2013-03-21T19:39:09+01:00 CRIT (2): Application error
2013-03-21T19:39:09+01:00 CRIT (2): Request Parameters
2013-03-21T19:45:40+01:00 CRIT (2): Application error
2013-03-21T19:45:40+01:00 CRIT (2): Request Parameters
2013-03-21T19:45:53+01:00 CRIT (2): Application error
2013-03-21T19:45:53+01:00 CRIT (2): Request Parameters
2013-03-21T19:47:40+01:00 CRIT (2): Application error
2013-03-21T19:47:40+01:00 CRIT (2): Request Parameters
2013-03-21T19:48:48+01:00 CRIT (2): Application error
2013-03-21T19:48:48+01:00 CRIT (2): Request Parameters
2013-03-21T19:51:27+01:00 CRIT (2): Application error
2013-03-21T19:51:27+01:00 CRIT (2): Request Parameters
2013-03-21T19:52:01+01:00 CRIT (2): Application error
2013-03-21T19:52:01+01:00 CRIT (2): Request Parameters
2013-03-21T19:56:04+01:00 CRIT (2): Application error
2013-03-21T19:56:04+01:00 CRIT (2): Request Parameters
2013-03-21T19:57:47+01:00 CRIT (2): Application error
2013-03-21T19:57:47+01:00 CRIT (2): Request Parameters
2013-03-21T20:00:57+01:00 CRIT (2): Application error
2013-03-21T20:00:57+01:00 CRIT (2): Request Parameters
2013-03-21T20:10:44+01:00 CRIT (2): Application error
2013-03-21T20:10:44+01:00 CRIT (2): Request Parameters
2013-03-21T20:57:53+01:00 CRIT (2): Application error
2013-03-21T20:57:53+01:00 CRIT (2): Request Parameters
2013-03-21T20:58:17+01:00 CRIT (2): Application error
2013-03-21T20:58:17+01:00 CRIT (2): Request Parameters
2013-03-21T20:58:58+01:00 CRIT (2): Application error
2013-03-21T20:58:58+01:00 CRIT (2): Request Parameters
2013-03-21T21:10:02+01:00 CRIT (2): Application error
2013-03-21T21:10:02+01:00 CRIT (2): Request Parameters
2013-03-21T21:12:01+01:00 CRIT (2): Application error
2013-03-21T21:12:01+01:00 CRIT (2): Request Parameters
2013-03-21T21:16:00+01:00 CRIT (2): Application error
2013-03-21T21:16:00+01:00 CRIT (2): Request Parameters
2013-03-21T21:17:45+01:00 CRIT (2): Application error
2013-03-21T21:17:45+01:00 CRIT (2): Request Parameters
2013-03-21T21:23:03+01:00 CRIT (2): Application error
2013-03-21T21:23:03+01:00 CRIT (2): Request Parameters
2013-03-21T21:29:07+01:00 CRIT (2): Application error
2013-03-21T21:29:07+01:00 CRIT (2): Request Parameters
2013-03-21T21:30:13+01:00 CRIT (2): Application error
2013-03-21T21:30:13+01:00 CRIT (2): Request Parameters
2013-03-21T21:30:30+01:00 CRIT (2): Application error
2013-03-21T21:30:30+01:00 CRIT (2): Request Parameters
2013-03-21T21:30:41+01:00 CRIT (2): Application error
2013-03-21T21:30:41+01:00 CRIT (2): Request Parameters
2013-03-21T21:51:49+01:00 CRIT (2): Application error
2013-03-21T21:51:49+01:00 CRIT (2): Request Parameters
2013-03-22T09:10:55+01:00 CRIT (2): Application error
2013-03-22T09:10:55+01:00 CRIT (2): Request Parameters
2013-03-22T09:13:33+01:00 CRIT (2): Application error
2013-03-22T09:13:33+01:00 CRIT (2): Request Parameters
2013-03-22T09:56:17+01:00 CRIT (2): Application error
2013-03-22T09:56:17+01:00 CRIT (2): Request Parameters
2013-03-22T09:57:09+01:00 CRIT (2): Application error
2013-03-22T09:57:09+01:00 CRIT (2): Request Parameters
2013-03-22T09:58:07+01:00 CRIT (2): Application error
2013-03-22T09:58:07+01:00 CRIT (2): Request Parameters
2013-03-22T10:00:19+01:00 CRIT (2): Application error
2013-03-22T10:00:19+01:00 CRIT (2): Request Parameters
2013-03-22T10:01:13+01:00 CRIT (2): Application error
2013-03-22T10:01:13+01:00 CRIT (2): Request Parameters
2013-03-22T10:02:07+01:00 CRIT (2): Application error
2013-03-22T10:02:07+01:00 CRIT (2): Request Parameters
2013-03-22T10:02:43+01:00 CRIT (2): Application error
2013-03-22T10:02:43+01:00 CRIT (2): Request Parameters
2013-03-22T10:04:09+01:00 CRIT (2): Application error
2013-03-22T10:04:09+01:00 CRIT (2): Request Parameters
2013-03-22T10:05:39+01:00 CRIT (2): Application error
2013-03-22T10:05:39+01:00 CRIT (2): Request Parameters
2013-03-22T10:07:44+01:00 CRIT (2): Application error
2013-03-22T10:07:44+01:00 CRIT (2): Request Parameters
2013-03-22T10:16:42+01:00 CRIT (2): Application error
2013-03-22T10:16:42+01:00 CRIT (2): Request Parameters
2013-03-22T11:44:07+01:00 CRIT (2): Application error
2013-03-22T11:44:07+01:00 CRIT (2): Request Parameters
2013-03-22T11:47:46+01:00 CRIT (2): Application error
2013-03-22T11:47:46+01:00 CRIT (2): Request Parameters
2013-03-22T11:47:53+01:00 CRIT (2): Application error
2013-03-22T11:47:53+01:00 CRIT (2): Request Parameters
2013-03-22T12:18:52+01:00 CRIT (2): Application error
2013-03-22T12:18:52+01:00 CRIT (2): Request Parameters
2013-03-22T12:22:41+01:00 CRIT (2): Application error
2013-03-22T12:22:41+01:00 CRIT (2): Request Parameters
2013-03-22T12:24:09+01:00 CRIT (2): Application error
2013-03-22T12:24:09+01:00 CRIT (2): Request Parameters
2013-03-22T12:27:13+01:00 CRIT (2): Application error
2013-03-22T12:27:13+01:00 CRIT (2): Request Parameters
2013-03-22T22:07:38+01:00 CRIT (2): Application error
2013-03-22T22:07:38+01:00 CRIT (2): Request Parameters
2013-03-22T22:07:42+01:00 CRIT (2): Application error
2013-03-22T22:07:42+01:00 CRIT (2): Request Parameters
2013-03-23T11:31:56+01:00 CRIT (2): Application error
2013-03-23T11:31:56+01:00 CRIT (2): Request Parameters
2013-04-04T11:49:00+02:00 CRIT (2): Application error
2013-04-04T11:49:00+02:00 CRIT (2): Request Parameters
